<?xml version="1.0" encoding="UTF-8"?>
<!-- Generated by org.testng.reporters.JUnitXMLReporter -->
<testsuite ignored="0" hostname="Divya" failures="0" tests="2" name="Test3" time="2.976" errors="0" timestamp="2023-08-01T16:29:57 EDT">
  <testcase classname="com.dhtmlgoodies.qa.pages.test.iGoogleLikeDragDropTest" name="verifyDragDrop1" time="0.278"/>
  <testcase classname="com.dhtmlgoodies.qa.pages.test.iGoogleLikeDragDropTest" name="verifyDragDrop2" time="0.273"/>
</testsuite> <!-- Test3 -->
