<?xml version="1.0" encoding="UTF-8"?>
<!-- Generated by org.testng.reporters.JUnitXMLReporter -->
<testsuite ignored="0" hostname="Divya" failures="0" tests="2" name="Test(failed)" time="6.182" errors="0" timestamp="2023-08-02T14:37:23 EDT">
  <testcase classname="com.dhtmlgoodies.qa.pages.test.iGoogleLikeDragDropTest" name="verifyDragDrop1" time="0.274"/>
  <testcase classname="com.dhtmlgoodies.qa.pages.test.iGoogleLikeDragDropTest" name="verifyDragDrop2" time="3.26"/>
</testsuite> <!-- Test(failed) -->
